<?xml version="1.0" encoding="UTF-8"?>
<!-- Generated by org.testng.reporters.JUnitReportReporter -->
<testsuite hostname="DESKTOP-CP2M1CD" failures="0" tests="1" name="runningfileorangehrm.runningoranghrm" time="21.651" errors="0" timestamp="2025-03-31T21:13:07 IST" skipped="0">
  <testcase classname="runningfileorangehrm.runningoranghrm" name="runScenario" time="21.651"/>
</testsuite> <!-- runningfileorangehrm.runningoranghrm -->
